2026-02-13 12:58:10,678 - transformer_module - INFO - ================================================================================
2026-02-13 12:58:10,679 - transformer_module - INFO - PROGRAM 2: XML FORMAT TRANSFORMATION
2026-02-13 12:58:10,679 - transformer_module - INFO - ================================================================================
2026-02-13 12:58:10,679 - transformer_module - INFO - Input file: C:\Users\danie\Documents\EMPRESA\SEGUROS UNIÓN\AUTOMATIZACIONES\Conciliator_softseguros_celer\DATA CELER\CarteraPendiente.xml
2026-02-13 12:58:10,679 - transformer_module - INFO - Output file: output\Cartera_Transformada_XML_20260213_125810.xlsx
2026-02-13 12:58:10,680 - transformer_module - INFO - [PROGRAM 2 - XML] Reading file: C:\Users\danie\Documents\EMPRESA\SEGUROS UNIÓN\AUTOMATIZACIONES\Conciliator_softseguros_celer\DATA CELER\CarteraPendiente.xml
2026-02-13 12:58:10,695 - adapters.xml_reader - INFO - ExcelXMLReader initialized
2026-02-13 12:58:10,696 - adapters.xml_reader - INFO - Reading XML file: C:\Users\danie\Documents\EMPRESA\SEGUROS UNIÓN\AUTOMATIZACIONES\Conciliator_softseguros_celer\DATA CELER\CarteraPendiente.xml
2026-02-13 12:58:10,831 - adapters.xml_reader - WARNING - lxml not available, using built-in ElementTree
2026-02-13 12:58:11,065 - adapters.xml_reader - INFO - Found 852 rows in XML
2026-02-13 12:58:11,066 - adapters.xml_reader - INFO - Found 49 headers at row 4
2026-02-13 12:58:11,381 - adapters.xml_reader - INFO - Created DataFrame with 847 rows and 49 columns
2026-02-13 12:58:11,395 - transformer_module - INFO - [PROGRAM 2 - XML] Successfully read 847 rows, 49 columns
2026-02-13 12:58:11,396 - services.column_transformer - INFO - ColumnTransformer initialized with 23 output columns
2026-02-13 12:58:11,396 - transformer_module - INFO - [PROGRAM 2 - XML] Starting column transformation...
2026-02-13 12:58:11,396 - services.column_transformer - INFO - Starting transformation for 847 rows
2026-02-13 12:58:11,405 - services.column_transformer - WARNING - Column A generation not yet implemented, using placeholder
2026-02-13 12:58:11,410 - services.column_transformer - INFO - Transformation completed successfully for 847 rows, 23 columns
2026-02-13 12:58:11,410 - transformer_module - INFO - Writing output file: output\Cartera_Transformada_XML_20260213_125810.xlsx
2026-02-13 12:58:12,301 - transformer_module - INFO - Successfully wrote 847 rows to output\Cartera_Transformada_XML_20260213_125810.xlsx
2026-02-13 12:58:12,301 - transformer_module - INFO - ================================================================================
2026-02-13 12:58:12,301 - transformer_module - INFO - PROGRAM 2: TRANSFORMATION COMPLETED SUCCESSFULLY
2026-02-13 12:58:12,301 - transformer_module - INFO - ================================================================================
2026-02-13 12:58:12,301 - transformer_module - INFO - Input rows: 847
2026-02-13 12:58:12,301 - transformer_module - INFO - Output rows: 847
2026-02-13 12:58:12,301 - transformer_module - INFO - Output columns: 23
2026-02-13 12:58:12,301 - transformer_module - INFO - Output file: C:\Users\danie\Documents\EMPRESA\SEGUROS UNIÓN\AUTOMATIZACIONES\Conciliator_softseguros_celer\dist\output\Cartera_Transformada_XML_20260213_125810.xlsx
2026-02-13 12:58:49,231 - conciliator_module - INFO - Loading Softseguros file: produccion_total.xlsx
2026-02-13 12:58:50,985 - conciliator_module - INFO - Loading Celer file: Cartera_Transformada_XML_20260213_125810.xlsx
2026-02-13 12:58:51,368 - conciliator_module - INFO - Combining Softseguros and Celer with prioritization...
2026-02-13 12:58:51,385 - conciliator_module - INFO -    - From Softseguros: 648
2026-02-13 12:58:51,385 - conciliator_module - INFO -    - From Celer (unique): 88
2026-02-13 12:58:51,385 - conciliator_module - INFO - Loading Allianz files (PERSONAS)...
2026-02-13 12:58:51,385 - conciliator_module - INFO - Starting to read file: Informe Intermediario UNION AGENCIA DE SEGUROS LTDA_1701932_25_Jan_2026.xlsb
2026-02-13 12:58:51,386 - conciliator_module - INFO - File size: 51.86 KB
2026-02-13 12:58:51,397 - conciliator_module - INFO - Available sheets: ['Consolidado', 'Detalle']
2026-02-13 12:58:51,397 - conciliator_module - INFO - Found 'Detalle' sheet: Detalle
2026-02-13 12:58:51,398 - conciliator_module - INFO - Reading sheet 'Detalle' to detect headers...
2026-02-13 12:58:51,426 - conciliator_module - INFO - Raw data shape: (77, 24)
2026-02-13 12:58:51,432 - conciliator_module - INFO - Header row detected at index 16 (row 17 in Excel)
2026-02-13 12:58:51,432 - conciliator_module - INFO - Re-reading with header at row 16...
2026-02-13 12:58:51,458 - conciliator_module - INFO - Final data shape: (60, 24)
2026-02-13 12:58:51,458 - conciliator_module - INFO - Columns: ['Unnamed: 0', 'Cliente - Tomador', 'Póliza', 'MATRICULA', 'F.INI VIG', 'F.FIN VIG', 'Nombre Macroramo', 'Número Ramo', 'Recibo', 'Nombre Sucursal', 'Regional', 'Nombre Asesor', 'Aplicación', 'Comisión', '1-30', '31-90', '91-180', '180+', 'Vencida', 'No Vencida', 'F. Límite Pago', 'Comisión Vencida', 'Proporción Vencida', 'Cartera Total']
2026-02-13 12:58:51,459 - conciliator_module - INFO - ============================================================
2026-02-13 12:58:51,460 - conciliator_module - INFO - FILE SUMMARY
2026-02-13 12:58:51,460 - conciliator_module - INFO - ============================================================
2026-02-13 12:58:51,460 - conciliator_module - INFO - file_name: Informe Intermediario UNION AGENCIA DE SEGUROS LTDA_1701932_25_Jan_2026.xlsb
2026-02-13 12:58:51,460 - conciliator_module - INFO - sheet_name: Detalle
2026-02-13 12:58:51,460 - conciliator_module - INFO - header_row: 16
2026-02-13 12:58:51,460 - conciliator_module - INFO - total_rows: 60
2026-02-13 12:58:51,460 - conciliator_module - INFO - total_columns: 24
2026-02-13 12:58:51,460 - conciliator_module - INFO - cartera_total: 36129962
2026-02-13 12:58:51,460 - conciliator_module - INFO - cartera_vencida: 3420589
2026-02-13 12:58:51,460 - conciliator_module - INFO - comision_total: 4247907.149999999
2026-02-13 12:58:51,460 - conciliator_module - INFO - unique_polizas: 56
2026-02-13 12:58:51,461 - conciliator_module - INFO - ============================================================
2026-02-13 12:58:51,510 - conciliator_module - INFO - Starting conciliation analysis...
2026-02-13 12:58:52,462 - conciliator_module - INFO - Conciliation analysis completed
2026-02-13 15:30:54,493 - transformer_module - INFO - ================================================================================
2026-02-13 15:30:54,494 - transformer_module - INFO - PROGRAM 2: XML FORMAT TRANSFORMATION
2026-02-13 15:30:54,495 - transformer_module - INFO - ================================================================================
2026-02-13 15:30:54,495 - transformer_module - INFO - Input file: C:\Users\danie\Documents\EMPRESA\SEGUROS UNIÓN\AUTOMATIZACIONES\Conciliator_softseguros_celer\DATA CELER\CarteraPendiente.xml
2026-02-13 15:30:54,495 - transformer_module - INFO - Output file: output\Cartera_Transformada_XML_20260213_153054.xlsx
2026-02-13 15:30:54,495 - transformer_module - INFO - [PROGRAM 2 - XML] Reading file: C:\Users\danie\Documents\EMPRESA\SEGUROS UNIÓN\AUTOMATIZACIONES\Conciliator_softseguros_celer\DATA CELER\CarteraPendiente.xml
2026-02-13 15:30:54,516 - adapters.xml_reader - INFO - ExcelXMLReader initialized
2026-02-13 15:30:54,516 - adapters.xml_reader - INFO - Reading XML file: C:\Users\danie\Documents\EMPRESA\SEGUROS UNIÓN\AUTOMATIZACIONES\Conciliator_softseguros_celer\DATA CELER\CarteraPendiente.xml
2026-02-13 15:30:54,686 - adapters.xml_reader - WARNING - lxml not available, using built-in ElementTree
2026-02-13 15:30:54,972 - adapters.xml_reader - INFO - Found 852 rows in XML
2026-02-13 15:30:54,973 - adapters.xml_reader - INFO - Found 49 headers at row 4
2026-02-13 15:30:55,344 - adapters.xml_reader - INFO - Created DataFrame with 847 rows and 49 columns
2026-02-13 15:30:55,361 - transformer_module - INFO - [PROGRAM 2 - XML] Successfully read 847 rows, 49 columns
2026-02-13 15:30:55,361 - services.column_transformer - INFO - ColumnTransformer initialized with 23 output columns
2026-02-13 15:30:55,361 - transformer_module - INFO - [PROGRAM 2 - XML] Starting column transformation...
2026-02-13 15:30:55,362 - services.column_transformer - INFO - Starting transformation for 847 rows
2026-02-13 15:30:55,373 - services.column_transformer - WARNING - Column A generation not yet implemented, using placeholder
2026-02-13 15:30:55,379 - services.column_transformer - INFO - Transformation completed successfully for 847 rows, 23 columns
2026-02-13 15:30:55,380 - transformer_module - INFO - Writing output file: output\Cartera_Transformada_XML_20260213_153054.xlsx
2026-02-13 15:30:56,685 - transformer_module - INFO - Successfully wrote 847 rows to output\Cartera_Transformada_XML_20260213_153054.xlsx
2026-02-13 15:30:56,685 - transformer_module - INFO - ================================================================================
2026-02-13 15:30:56,686 - transformer_module - INFO - PROGRAM 2: TRANSFORMATION COMPLETED SUCCESSFULLY
2026-02-13 15:30:56,686 - transformer_module - INFO - ================================================================================
2026-02-13 15:30:56,686 - transformer_module - INFO - Input rows: 847
2026-02-13 15:30:56,686 - transformer_module - INFO - Output rows: 847
2026-02-13 15:30:56,686 - transformer_module - INFO - Output columns: 23
2026-02-13 15:30:56,686 - transformer_module - INFO - Output file: C:\Users\danie\Documents\EMPRESA\SEGUROS UNIÓN\AUTOMATIZACIONES\Conciliator_softseguros_celer\dist\output\Cartera_Transformada_XML_20260213_153054.xlsx
2026-02-13 15:32:45,012 - conciliator_module - INFO - Loading Softseguros file: produccion_total.xlsx
2026-02-13 15:32:47,631 - conciliator_module - INFO - Loading Celer file: Cartera_Transformada_XML_20260213_153054.xlsx
2026-02-13 15:32:48,127 - conciliator_module - INFO - Combining Softseguros and Celer with prioritization...
2026-02-13 15:32:48,151 - conciliator_module - INFO -    - From Softseguros: 648
2026-02-13 15:32:48,152 - conciliator_module - INFO -    - From Celer (unique): 88
2026-02-13 15:32:48,152 - conciliator_module - INFO - Loading Allianz files (PERSONAS)...
2026-02-13 15:32:48,152 - conciliator_module - INFO - Starting to read file: Informe Intermediario UNION AGENCIA DE SEGUROS LTDA_1701932_25_Jan_2026.xlsb
2026-02-13 15:32:48,152 - conciliator_module - INFO - File size: 51.86 KB
2026-02-13 15:32:48,169 - conciliator_module - INFO - Available sheets: ['Consolidado', 'Detalle']
2026-02-13 15:32:48,169 - conciliator_module - INFO - Found 'Detalle' sheet: Detalle
2026-02-13 15:32:48,170 - conciliator_module - INFO - Reading sheet 'Detalle' to detect headers...
2026-02-13 15:32:48,209 - conciliator_module - INFO - Raw data shape: (77, 24)
2026-02-13 15:32:48,217 - conciliator_module - INFO - Header row detected at index 16 (row 17 in Excel)
2026-02-13 15:32:48,217 - conciliator_module - INFO - Re-reading with header at row 16...
2026-02-13 15:32:48,257 - conciliator_module - INFO - Final data shape: (60, 24)
2026-02-13 15:32:48,257 - conciliator_module - INFO - Columns: ['Unnamed: 0', 'Cliente - Tomador', 'Póliza', 'MATRICULA', 'F.INI VIG', 'F.FIN VIG', 'Nombre Macroramo', 'Número Ramo', 'Recibo', 'Nombre Sucursal', 'Regional', 'Nombre Asesor', 'Aplicación', 'Comisión', '1-30', '31-90', '91-180', '180+', 'Vencida', 'No Vencida', 'F. Límite Pago', 'Comisión Vencida', 'Proporción Vencida', 'Cartera Total']
2026-02-13 15:32:48,259 - conciliator_module - INFO - ============================================================
2026-02-13 15:32:48,259 - conciliator_module - INFO - FILE SUMMARY
2026-02-13 15:32:48,259 - conciliator_module - INFO - ============================================================
2026-02-13 15:32:48,259 - conciliator_module - INFO - file_name: Informe Intermediario UNION AGENCIA DE SEGUROS LTDA_1701932_25_Jan_2026.xlsb
2026-02-13 15:32:48,260 - conciliator_module - INFO - sheet_name: Detalle
2026-02-13 15:32:48,260 - conciliator_module - INFO - header_row: 16
2026-02-13 15:32:48,260 - conciliator_module - INFO - total_rows: 60
2026-02-13 15:32:48,260 - conciliator_module - INFO - total_columns: 24
2026-02-13 15:32:48,260 - conciliator_module - INFO - cartera_total: 36129962
2026-02-13 15:32:48,261 - conciliator_module - INFO - cartera_vencida: 3420589
2026-02-13 15:32:48,261 - conciliator_module - INFO - comision_total: 4247907.149999999
2026-02-13 15:32:48,261 - conciliator_module - INFO - unique_polizas: 56
2026-02-13 15:32:48,261 - conciliator_module - INFO - ============================================================
2026-02-13 15:32:48,323 - conciliator_module - INFO - Starting conciliation analysis...
2026-02-13 15:32:49,763 - conciliator_module - INFO - Conciliation analysis completed
